[ Info: wrapping header: SDL2-2.0.5/include/SDL.h ...
[ Info: writing /home/colin/.julia/dev/SimpleDirectMediaLayer/gen/bindings/SDL.jl
[ Info: wrapping header: SDL2-2.0.5/include/SDL_assert.h ...
[ Info: writing /home/colin/.julia/dev/SimpleDirectMediaLayer/gen/bindings/SDL.jl
[ Info: wrapping header: SDL2-2.0.5/include/SDL_atomic.h ...
[ Info: writing /home/colin/.julia/dev/SimpleDirectMediaLayer/gen/bindings/SDL.jl
[ Info: wrapping header: SDL2-2.0.5/include/SDL_audio.h ...
┌ Warning: Skipping struct: "CLCursor (Clang.CLStructDecl) SDL_AudioCVT" due to unsupported field: CLCursor (Clang.CLPackedAttr) packed
└ @ Clang ~/.julia/packages/Clang/g35ge/src/wrap_c.jl:158
┌ Warning: Skipping struct: "CLCursor (Clang.CLStructDecl) SDL_AudioCVT" due to unsupported field: CLCursor (Clang.CLPackedAttr) packed
└ @ Clang ~/.julia/packages/Clang/g35ge/src/wrap_c.jl:158
[ Info: writing /home/colin/.julia/dev/SimpleDirectMediaLayer/gen/bindings/SDL.jl
[ Info: wrapping header: SDL2-2.0.5/include/SDL_bits.h ...
[ Info: writing /home/colin/.julia/dev/SimpleDirectMediaLayer/gen/bindings/SDL.jl
[ Info: wrapping header: SDL2-2.0.5/include/SDL_blendmode.h ...
[ Info: writing /home/colin/.julia/dev/SimpleDirectMediaLayer/gen/bindings/SDL.jl
[ Info: wrapping header: SDL2-2.0.5/include/SDL_clipboard.h ...
[ Info: writing /home/colin/.julia/dev/SimpleDirectMediaLayer/gen/bindings/SDL.jl
[ Info: wrapping header: SDL2-2.0.5/include/SDL_copying.h ...
[ Info: writing /home/colin/.julia/dev/SimpleDirectMediaLayer/gen/bindings/SDL.jl
[ Info: wrapping header: SDL2-2.0.5/include/SDL_cpuinfo.h ...
[ Info: writing /home/colin/.julia/dev/SimpleDirectMediaLayer/gen/bindings/SDL.jl
[ Info: wrapping header: SDL2-2.0.5/include/SDL_egl.h ...
[ Info: writing /home/colin/.julia/dev/SimpleDirectMediaLayer/gen/bindings/SDL.jl
[ Info: wrapping header: SDL2-2.0.5/include/SDL_endian.h ...
[ Info: writing /home/colin/.julia/dev/SimpleDirectMediaLayer/gen/bindings/SDL.jl
[ Info: wrapping header: SDL2-2.0.5/include/SDL_error.h ...
┌ Warning: Skipping VarArg Function CLCursor (Clang.CLFunctionDecl) SDL_SetError(const char *, ...)
└ @ Clang ~/.julia/packages/Clang/g35ge/src/wrap_c.jl:15
[ Info: writing /home/colin/.julia/dev/SimpleDirectMediaLayer/gen/bindings/SDL.jl
[ Info: wrapping header: SDL2-2.0.5/include/SDL_events.h ...
[ Info: writing /home/colin/.julia/dev/SimpleDirectMediaLayer/gen/bindings/SDL.jl
[ Info: wrapping header: SDL2-2.0.5/include/SDL_filesystem.h ...
[ Info: writing /home/colin/.julia/dev/SimpleDirectMediaLayer/gen/bindings/SDL.jl
[ Info: wrapping header: SDL2-2.0.5/include/SDL_gamecontroller.h ...
[ Info: writing /home/colin/.julia/dev/SimpleDirectMediaLayer/gen/bindings/SDL.jl
[ Info: wrapping header: SDL2-2.0.5/include/SDL_gesture.h ...
[ Info: writing /home/colin/.julia/dev/SimpleDirectMediaLayer/gen/bindings/SDL.jl
[ Info: wrapping header: SDL2-2.0.5/include/SDL_haptic.h ...
[ Info: writing /home/colin/.julia/dev/SimpleDirectMediaLayer/gen/bindings/SDL.jl
[ Info: wrapping header: SDL2-2.0.5/include/SDL_hints.h ...
[ Info: writing /home/colin/.julia/dev/SimpleDirectMediaLayer/gen/bindings/SDL.jl
[ Info: wrapping header: SDL2-2.0.5/include/SDL_joystick.h ...
[ Info: writing /home/colin/.julia/dev/SimpleDirectMediaLayer/gen/bindings/SDL.jl
[ Info: wrapping header: SDL2-2.0.5/include/SDL_keyboard.h ...
[ Info: writing /home/colin/.julia/dev/SimpleDirectMediaLayer/gen/bindings/SDL.jl
[ Info: wrapping header: SDL2-2.0.5/include/SDL_keycode.h ...
┌ Warning: Skipping unnamed EnumDecl: CLCursor (Clang.CLEnumDecl) 
└ @ Clang ~/.julia/packages/Clang/g35ge/src/wrap_c.jl:94
[ Info: writing /home/colin/.julia/dev/SimpleDirectMediaLayer/gen/bindings/SDL.jl
[ Info: wrapping header: SDL2-2.0.5/include/SDL_loadso.h ...
[ Info: writing /home/colin/.julia/dev/SimpleDirectMediaLayer/gen/bindings/SDL.jl
[ Info: wrapping header: SDL2-2.0.5/include/SDL_log.h ...
┌ Warning: Skipping unnamed EnumDecl: CLCursor (Clang.CLEnumDecl) 
└ @ Clang ~/.julia/packages/Clang/g35ge/src/wrap_c.jl:94
┌ Warning: Skipping VarArg Function CLCursor (Clang.CLFunctionDecl) SDL_Log(const char *, ...)
└ @ Clang ~/.julia/packages/Clang/g35ge/src/wrap_c.jl:15
┌ Warning: Skipping VarArg Function CLCursor (Clang.CLFunctionDecl) SDL_LogVerbose(int, const char *, ...)
└ @ Clang ~/.julia/packages/Clang/g35ge/src/wrap_c.jl:15
┌ Warning: Skipping VarArg Function CLCursor (Clang.CLFunctionDecl) SDL_LogDebug(int, const char *, ...)
└ @ Clang ~/.julia/packages/Clang/g35ge/src/wrap_c.jl:15
┌ Warning: Skipping VarArg Function CLCursor (Clang.CLFunctionDecl) SDL_LogInfo(int, const char *, ...)
└ @ Clang ~/.julia/packages/Clang/g35ge/src/wrap_c.jl:15
┌ Warning: Skipping VarArg Function CLCursor (Clang.CLFunctionDecl) SDL_LogWarn(int, const char *, ...)
└ @ Clang ~/.julia/packages/Clang/g35ge/src/wrap_c.jl:15
┌ Warning: Skipping VarArg Function CLCursor (Clang.CLFunctionDecl) SDL_LogError(int, const char *, ...)
└ @ Clang ~/.julia/packages/Clang/g35ge/src/wrap_c.jl:15
┌ Warning: Skipping VarArg Function CLCursor (Clang.CLFunctionDecl) SDL_LogCritical(int, const char *, ...)
└ @ Clang ~/.julia/packages/Clang/g35ge/src/wrap_c.jl:15
┌ Warning: Skipping VarArg Function CLCursor (Clang.CLFunctionDecl) SDL_LogMessage(int, SDL_LogPriority, const char *, ...)
└ @ Clang ~/.julia/packages/Clang/g35ge/src/wrap_c.jl:15
┌ Warning: Skipping SDL_LogMessageV(int, SDL_LogPriority, const char *, struct __va_list_tag *) due to unsupported argument: va_list
└ @ Clang ~/.julia/packages/Clang/g35ge/src/wrap_c.jl:35
[ Info: writing /home/colin/.julia/dev/SimpleDirectMediaLayer/gen/bindings/SDL.jl
[ Info: wrapping header: SDL2-2.0.5/include/SDL_main.h ...
[ Info: writing /home/colin/.julia/dev/SimpleDirectMediaLayer/gen/bindings/SDL.jl
[ Info: wrapping header: SDL2-2.0.5/include/SDL_messagebox.h ...
[ Info: writing /home/colin/.julia/dev/SimpleDirectMediaLayer/gen/bindings/SDL.jl
[ Info: wrapping header: SDL2-2.0.5/include/SDL_mouse.h ...
[ Info: writing /home/colin/.julia/dev/SimpleDirectMediaLayer/gen/bindings/SDL.jl
[ Info: wrapping header: SDL2-2.0.5/include/SDL_mutex.h ...
[ Info: writing /home/colin/.julia/dev/SimpleDirectMediaLayer/gen/bindings/SDL.jl
[ Info: wrapping header: SDL2-2.0.5/include/SDL_name.h ...
[ Info: writing /home/colin/.julia/dev/SimpleDirectMediaLayer/gen/bindings/SDL.jl
[ Info: wrapping header: SDL2-2.0.5/include/SDL_pixels.h ...
┌ Warning: Skipping unnamed EnumDecl: CLCursor (Clang.CLEnumDecl) 
└ @ Clang ~/.julia/packages/Clang/g35ge/src/wrap_c.jl:94
┌ Warning: Skipping unnamed EnumDecl: CLCursor (Clang.CLEnumDecl) 
└ @ Clang ~/.julia/packages/Clang/g35ge/src/wrap_c.jl:94
┌ Warning: Skipping unnamed EnumDecl: CLCursor (Clang.CLEnumDecl) 
└ @ Clang ~/.julia/packages/Clang/g35ge/src/wrap_c.jl:94
┌ Warning: Skipping unnamed EnumDecl: CLCursor (Clang.CLEnumDecl) 
└ @ Clang ~/.julia/packages/Clang/g35ge/src/wrap_c.jl:94
┌ Warning: Skipping unnamed EnumDecl: CLCursor (Clang.CLEnumDecl) 
└ @ Clang ~/.julia/packages/Clang/g35ge/src/wrap_c.jl:94
┌ Warning: Skipping unnamed EnumDecl: CLCursor (Clang.CLEnumDecl) 
└ @ Clang ~/.julia/packages/Clang/g35ge/src/wrap_c.jl:94
[ Info: writing /home/colin/.julia/dev/SimpleDirectMediaLayer/gen/bindings/SDL.jl
[ Info: wrapping header: SDL2-2.0.5/include/SDL_platform.h ...
[ Info: writing /home/colin/.julia/dev/SimpleDirectMediaLayer/gen/bindings/SDL.jl
[ Info: wrapping header: SDL2-2.0.5/include/SDL_power.h ...
[ Info: writing /home/colin/.julia/dev/SimpleDirectMediaLayer/gen/bindings/SDL.jl
[ Info: wrapping header: SDL2-2.0.5/include/SDL_quit.h ...
[ Info: writing /home/colin/.julia/dev/SimpleDirectMediaLayer/gen/bindings/SDL.jl
[ Info: wrapping header: SDL2-2.0.5/include/SDL_rect.h ...
[ Info: writing /home/colin/.julia/dev/SimpleDirectMediaLayer/gen/bindings/SDL.jl
[ Info: wrapping header: SDL2-2.0.5/include/SDL_render.h ...
[ Info: writing /home/colin/.julia/dev/SimpleDirectMediaLayer/gen/bindings/SDL.jl
[ Info: wrapping header: SDL2-2.0.5/include/SDL_revision.h ...
[ Info: writing /home/colin/.julia/dev/SimpleDirectMediaLayer/gen/bindings/SDL.jl
[ Info: wrapping header: SDL2-2.0.5/include/SDL_rwops.h ...
[ Info: writing /home/colin/.julia/dev/SimpleDirectMediaLayer/gen/bindings/SDL.jl
[ Info: wrapping header: SDL2-2.0.5/include/SDL_scancode.h ...
[ Info: writing /home/colin/.julia/dev/SimpleDirectMediaLayer/gen/bindings/SDL.jl
[ Info: wrapping header: SDL2-2.0.5/include/SDL_shape.h ...
[ Info: writing /home/colin/.julia/dev/SimpleDirectMediaLayer/gen/bindings/SDL.jl
[ Info: wrapping header: SDL2-2.0.5/include/SDL_stdinc.h ...
┌ Warning: Skipping VarArg Function CLCursor (Clang.CLFunctionDecl) SDL_sscanf(const char *, const char *, ...)
└ @ Clang ~/.julia/packages/Clang/g35ge/src/wrap_c.jl:15
┌ Warning: Skipping SDL_vsscanf(const char *, const char *, struct __va_list_tag *) due to unsupported argument: va_list
└ @ Clang ~/.julia/packages/Clang/g35ge/src/wrap_c.jl:35
┌ Warning: Skipping VarArg Function CLCursor (Clang.CLFunctionDecl) SDL_snprintf(char *, size_t, const char *, ...)
└ @ Clang ~/.julia/packages/Clang/g35ge/src/wrap_c.jl:15
┌ Warning: Skipping SDL_vsnprintf(char *, size_t, const char *, struct __va_list_tag *) due to unsupported argument: va_list
└ @ Clang ~/.julia/packages/Clang/g35ge/src/wrap_c.jl:35
[ Info: writing /home/colin/.julia/dev/SimpleDirectMediaLayer/gen/bindings/SDL.jl
[ Info: wrapping header: SDL2-2.0.5/include/SDL_surface.h ...
[ Info: writing /home/colin/.julia/dev/SimpleDirectMediaLayer/gen/bindings/SDL.jl
[ Info: wrapping header: SDL2-2.0.5/include/SDL_system.h ...
[ Info: writing /home/colin/.julia/dev/SimpleDirectMediaLayer/gen/bindings/SDL.jl
[ Info: wrapping header: SDL2-2.0.5/include/SDL_syswm.h ...
[ Info: writing /home/colin/.julia/dev/SimpleDirectMediaLayer/gen/bindings/SDL.jl
[ Info: wrapping header: SDL2-2.0.5/include/SDL_thread.h ...
[ Info: writing /home/colin/.julia/dev/SimpleDirectMediaLayer/gen/bindings/SDL.jl
[ Info: wrapping header: SDL2-2.0.5/include/SDL_timer.h ...
[ Info: writing /home/colin/.julia/dev/SimpleDirectMediaLayer/gen/bindings/SDL.jl
[ Info: wrapping header: SDL2-2.0.5/include/SDL_touch.h ...
[ Info: writing /home/colin/.julia/dev/SimpleDirectMediaLayer/gen/bindings/SDL.jl
[ Info: wrapping header: SDL2-2.0.5/include/SDL_types.h ...
[ Info: writing /home/colin/.julia/dev/SimpleDirectMediaLayer/gen/bindings/SDL.jl
[ Info: wrapping header: SDL2-2.0.5/include/SDL_version.h ...
[ Info: writing /home/colin/.julia/dev/SimpleDirectMediaLayer/gen/bindings/SDL.jl
[ Info: wrapping header: SDL2-2.0.5/include/SDL_video.h ...
[ Info: writing /home/colin/.julia/dev/SimpleDirectMediaLayer/gen/bindings/SDL.jl
[ Info: wrapping header: SDL2-2.0.5/include/begin_code.h ...
[ Info: writing /home/colin/.julia/dev/SimpleDirectMediaLayer/gen/bindings/SDL.jl
[ Info: wrapping header: SDL2-2.0.5/include/close_code.h ...
[ Info: writing /home/colin/.julia/dev/SimpleDirectMediaLayer/gen/bindings/SDL.jl
